<?xml version="1.0" encoding="UTF-8"?>
<!-- Generated by org.testng.reporters.JUnitReportReporter -->
<testsuite hostname="57dc32c29625" failures="0" tests="15" name="com.yassine.tests.flightreservation.FlightReservationTest" time="279.371" errors="0" timestamp="2023-11-07T12:36:14 GMT" skipped="0">
  <testcase classname="com.yassine.tests.flightreservation.FlightReservationTest" name="selectFlightsTest" time="2.911"/>
  <testcase classname="com.yassine.tests.flightreservation.FlightReservationTest" name="selectFlightsTest" time="0.894"/>
  <testcase classname="com.yassine.tests.flightreservation.FlightReservationTest" name="flightConfirmationTest" time="2.303"/>
  <testcase classname="com.yassine.tests.flightreservation.FlightReservationTest" name="registrationConfirmationTest" time="2.820"/>
  <testcase classname="com.yassine.tests.flightreservation.FlightReservationTest" name="flightSearchTest" time="3.827"/>
  <testcase classname="com.yassine.tests.flightreservation.FlightReservationTest" name="selectFlightsTest" time="2.827"/>
  <testcase classname="com.yassine.tests.flightreservation.FlightReservationTest" name="registrationConfirmationTest" time="3.570"/>
  <testcase classname="com.yassine.tests.flightreservation.FlightReservationTest" name="userRegistrationTest" time="81.423"/>
  <testcase classname="com.yassine.tests.flightreservation.FlightReservationTest" name="userRegistrationTest" time="83.539"/>
  <testcase classname="com.yassine.tests.flightreservation.FlightReservationTest" name="flightSearchTest" time="3.288"/>
  <testcase classname="com.yassine.tests.flightreservation.FlightReservationTest" name="flightSearchTest" time="3.645"/>
  <testcase classname="com.yassine.tests.flightreservation.FlightReservationTest" name="userRegistrationTest" time="81.413"/>
  <testcase classname="com.yassine.tests.flightreservation.FlightReservationTest" name="flightConfirmationTest" time="1.698"/>
  <testcase classname="com.yassine.tests.flightreservation.FlightReservationTest" name="flightConfirmationTest" time="1.645"/>
  <testcase classname="com.yassine.tests.flightreservation.FlightReservationTest" name="registrationConfirmationTest" time="3.568"/>
</testsuite> <!-- com.yassine.tests.flightreservation.FlightReservationTest -->
